<?xml version="1.0" encoding="UTF-8"?>
<Site BuildName="(empty)"
	BuildStamp="20231206-2029-Experimental"
	Name="(empty)"
	Generator="ctest-3.27.0-rc4"
	CompilerName=""
	CompilerVersion=""
	OSName="Windows"
	Hostname="FBI-MONITORING-STATION"
	OSRelease=" Personal"
	OSVersion=" (Build 22621)"
	OSPlatform="AMD64"
	Is64Bits="1"
	VendorString="GenuineIntel"
	VendorID="Intel Corporation"
	FamilyID="6"
	ModelID="13"
	ProcessorCacheSize="-1"
	NumberOfLogicalCPU="16"
	NumberOfPhysicalCPU="8"
	TotalVirtualMemory="32043"
	TotalPhysicalMemory="16021"
	LogicalProcessorsPerPhysical="2"
	ProcessorClockFrequency="2304"
	>
	<Testing>
		<StartDateTime>Dec 06 21:56 W. Europe Standard Time</StartDateTime>
		<StartTestTime>1701896175</StartTestTime>
		<TestList/>
		<EndDateTime>Dec 06 21:56 W. Europe Standard Time</EndDateTime>
		<EndTestTime>1701896175</EndTestTime>
		<ElapsedMinutes>0</ElapsedMinutes>
	</Testing>
</Site>
