  rcore.c
C:\Users\HP\Documents\GitHub\build\_deps\raylib-src\src\external/sinfl.h(428,15): warning C4018: '>': signed/unsigned mismatch
C:\Users\HP\Documents\GitHub\build\_deps\raylib-src\src\external/rprand.h(206,27): warning C4018: '<': signed/unsigned mismatch
  rmodels.c
  rshapes.c
  rtext.c
  rtextures.c
  utils.c
  raudio.c
C:\Users\HP\Documents\GitHub\build\_deps\raylib-src\src\external/jar_xm.h(130,22): warning C4018: '<': signed/unsigned mismatch
C:\Users\HP\Documents\GitHub\build\_deps\raylib-src\src\external/jar_xm.h(143,22): warning C4018: '<': signed/unsigned mismatch
C:\Users\HP\Documents\GitHub\build\_deps\raylib-src\src\external/jar_xm.h(2220,43): warning C4018: '<': signed/unsigned mismatch
  Generating Code...
C:\Program Files\Microsoft Visual Studio\2022\Community\MSBuild\Microsoft\VC\v170\Microsoft.CppCommon.targets(1575,5): error MSB6006: "Lib.exe" exited with code 1181.
LINK : fatal error LNK1181: cannot open input file 'C:\Users\HP\Documents\GitHub\build\_deps\raylib-build\raylib\external\glfw\src\glfw.dir\Debug\context.obj'
